빌드 시작: 2014-06-13 오전 10:30:08
     1>2 노드의 "E:\Project\객체지향\2009253064_박선호_#10\2009253064_ch12_24\2009253064_ch12_24\2009253064_ch12_24.vcxproj" 프로젝트(build 대상)입니다.
     1>InitializeBuildStatus:
         "AlwaysCreate"이(가) 지정되었기 때문에 "Debug\2009253064_ch12_24.unsuccessfulbuild"을(를) 만들고 있습니다.
       ClCompile:
         e:\Program\Visual Studio 2010\VC\bin\CL.exe /c /ZI /nologo /W3 /WX- /Od /Oy- /D WIN32 /D _DEBUG /D _CONSOLE /D _UNICODE /D UNICODE /Gm /EHsc /RTC1 /MDd /GS /fp:precise /Zc:wchar_t /Zc:forScope /Fo"Debug\\" /Fd"Debug\vc100.pdb" /Gd /TP /analyze- /errorReport:prompt 2009253064_ch12_24.cpp
         2009253064_ch12_24.cpp
     1>e:\project\객체지향\2009253064_박선호_#10\2009253064_ch12_24\2009253064_ch12_24\2009253064_ch12_24.cpp(59): warning C4018: '<' : signed 또는 unsigned가 일치하지 않습니다.
       ManifestResourceCompile:
         모든 출력이 최신 상태입니다.
       Link:
         e:\Program\Visual Studio 2010\VC\bin\link.exe /ERRORREPORT:PROMPT /OUT:"E:\Project\객체지향\2009253064_박선호_#10\2009253064_ch12_24\Debug\2009253064_ch12_24.exe" /INCREMENTAL /NOLOGO kernel32.lib user32.lib gdi32.lib winspool.lib comdlg32.lib advapi32.lib shell32.lib ole32.lib oleaut32.lib uuid.lib odbc32.lib odbccp32.lib /MANIFEST /ManifestFile:"Debug\2009253064_ch12_24.exe.intermediate.manifest" /MANIFESTUAC:"level='asInvoker' uiAccess='false'" /DEBUG /PDB:"E:\Project\객체지향\2009253064_박선호_#10\2009253064_ch12_24\Debug\2009253064_ch12_24.pdb" /SUBSYSTEM:CONSOLE /TLBID:1 /DYNAMICBASE /NXCOMPAT /IMPLIB:"E:\Project\객체지향\2009253064_박선호_#10\2009253064_ch12_24\Debug\2009253064_ch12_24.lib" /MACHINE:X86 Debug\2009253064_ch12_24.exe.embed.manifest.res
         Debug\2009253064_ch12_24.obj
       Manifest:
         C:\Program Files (x86)\Microsoft SDKs\Windows\v7.0A\bin\mt.exe /nologo /verbose /out:"Debug\2009253064_ch12_24.exe.embed.manifest" /manifest Debug\2009253064_ch12_24.exe.intermediate.manifest
         모든 출력이 최신 상태입니다.
       LinkEmbedManifest:
         모든 출력이 최신 상태입니다.
         2009253064_ch12_24.vcxproj -> E:\Project\객체지향\2009253064_박선호_#10\2009253064_ch12_24\Debug\2009253064_ch12_24.exe
       FinalizeBuildStatus:
         "Debug\2009253064_ch12_24.unsuccessfulbuild" 파일을 삭제하고 있습니다.
         "Debug\2009253064_ch12_24.lastbuildstate"에 연결(touching)하고 있습니다.
     1>"E:\Project\객체지향\2009253064_박선호_#10\2009253064_ch12_24\2009253064_ch12_24\2009253064_ch12_24.vcxproj" 프로젝트를 빌드했습니다(build 대상).

빌드했습니다.

경과 시간: 00:00:00.70
