D:\Project\컴파일러\2009253064_prj1\prj_01\Debug\PRJ_01.EXE
D:\Project\컴파일러\2009253064_prj1\prj_01\Debug\PRJ_01.ILK
D:\Project\컴파일러\2009253064_prj1\prj_01\Debug\PRJ_01.PDB
D:\Project\컴파일러\2009253064_prj1\prj_01\Debug\cl.command.1.tlog
D:\Project\컴파일러\2009253064_prj1\prj_01\Debug\CL.read.1.tlog
D:\Project\컴파일러\2009253064_prj1\prj_01\Debug\CL.write.1.tlog
D:\Project\컴파일러\2009253064_prj1\prj_01\Debug\link.command.1.tlog
D:\Project\컴파일러\2009253064_prj1\prj_01\Debug\link.read.1.tlog
D:\Project\컴파일러\2009253064_prj1\prj_01\Debug\link.write.1.tlog
D:\Project\컴파일러\2009253064_prj1\prj_01\Debug\link-cvtres.read.1.tlog
D:\Project\컴파일러\2009253064_prj1\prj_01\Debug\link-cvtres.write.1.tlog
D:\Project\컴파일러\2009253064_prj1\prj_01\Debug\MAINFRM.OBJ
D:\Project\컴파일러\2009253064_prj1\prj_01\Debug\mt.command.1.tlog
D:\Project\컴파일러\2009253064_prj1\prj_01\Debug\mt.read.1.tlog
D:\Project\컴파일러\2009253064_prj1\prj_01\Debug\mt.write.1.tlog
D:\Project\컴파일러\2009253064_prj1\prj_01\Debug\PRJ_01.EXE.EMBED.MANIFEST
D:\Project\컴파일러\2009253064_prj1\prj_01\Debug\PRJ_01.EXE.EMBED.MANIFEST.RES
D:\Project\컴파일러\2009253064_prj1\prj_01\Debug\PRJ_01.EXE.INTERMEDIATE.MANIFEST
D:\Project\컴파일러\2009253064_prj1\prj_01\Debug\PRJ_01.OBJ
D:\Project\컴파일러\2009253064_prj1\prj_01\Debug\PRJ_01.PCH
D:\Project\컴파일러\2009253064_prj1\prj_01\Debug\PRJ_01.RES
D:\Project\컴파일러\2009253064_prj1\prj_01\Debug\prj_01_manifest.rc
D:\Project\컴파일러\2009253064_prj1\prj_01\Debug\PRJ_01DOC.OBJ
D:\Project\컴파일러\2009253064_prj1\prj_01\Debug\PRJ_01VIEW.OBJ
D:\Project\컴파일러\2009253064_prj1\prj_01\Debug\rc.command.1.tlog
D:\Project\컴파일러\2009253064_prj1\prj_01\Debug\rc.read.1.tlog
D:\Project\컴파일러\2009253064_prj1\prj_01\Debugg\rc.write.1.tlog
D:\Project\컴파일러\2009253064_prj1\prj_01\Debug\STDAFX.OBJ
D:\Project\컴파일러\2009253064_prj1\prj_01\Debug\vc100.idb
D:\Project\컴파일러\2009253064_prj1\prj_01\Debug\VC100.PDB
